<?xml version="1.0" encoding="UTF-8" ?>
<testsuite tests="21" failures="0" name="ISO2_2021.Testing_P3.MC_DCTest" time="0.037" errors="0" skipped="0">
  <properties>
    <property name="java.runtime.name" value="Java(TM) SE Runtime Environment"/>
    <property name="sun.boot.library.path" value="C:\Program Files\Java\jre1.8.0_221\bin"/>
    <property name="java.vm.version" value="25.221-b11"/>
    <property name="java.vm.vendor" value="Oracle Corporation"/>
    <property name="maven.multiModuleProjectDirectory" value="C:\Users\migue\Downloads\P3"/>
    <property name="java.vendor.url" value="http://java.oracle.com/"/>
    <property name="path.separator" value=";"/>
    <property name="guice.disable.misplaced.annotation.check" value="true"/>
    <property name="java.vm.name" value="Java HotSpot(TM) 64-Bit Server VM"/>
    <property name="file.encoding.pkg" value="sun.io"/>
    <property name="user.script" value=""/>
    <property name="user.country" value="ES"/>
    <property name="sun.java.launcher" value="SUN_STANDARD"/>
    <property name="sun.os.patch.level" value=""/>
    <property name="java.vm.specification.name" value="Java Virtual Machine Specification"/>
    <property name="user.dir" value="C:\Users\migue\Downloads\P3"/>
    <property name="java.runtime.version" value="1.8.0_221-b11"/>
    <property name="java.awt.graphicsenv" value="sun.awt.Win32GraphicsEnvironment"/>
    <property name="java.endorsed.dirs" value="C:\Program Files\Java\jre1.8.0_221\lib\endorsed"/>
    <property name="os.arch" value="amd64"/>
    <property name="java.io.tmpdir" value="C:\Users\migue\AppData\Local\Temp\"/>
    <property name="line.separator" value="
"/>
    <property name="java.vm.specification.vendor" value="Oracle Corporation"/>
    <property name="user.variant" value=""/>
    <property name="os.name" value="Windows 10"/>
    <property name="classworlds.conf" value="C:\Program Files\maven\bin\m2.conf"/>
    <property name="sun.jnu.encoding" value="Cp1252"/>
    <property name="java.library.path" value="C:\Program Files (x86)\Common Files\Oracle\Java\javapath;C:\WINDOWS\Sun\Java\bin;C:\WINDOWS\system32;C:\WINDOWS;C:\app\migue\product\18.0.0\dbhomeXE\bin;C:\Program Files (x86)\Common Files\Oracle\Java\javapath;C:\WINDOWS\system32;C:\WINDOWS;C:\WINDOWS\System32\Wbem;C:\WINDOWS\System32\WindowsPowerShell\v1.0\;C:\WINDOWS\System32\OpenSSH\;C:\Program Files\dotnet\;C:\Program Files (x86)\dotnet\;C:\Program Files\maven\bin\;C:\Program Files\Git\cmd;C:\Users\migue\AppData\Local\Microsoft\WindowsApps;C:\Program Files\Java\jdk1.8.0_221\bin;C:\Users\migue\AppData\Local\Programs\Microsoft VS Code\bin;C:\Users\migue\.dotnet\tools;."/>
    <property name="maven.conf" value="C:\Program Files\maven/conf"/>
    <property name="java.specification.name" value="Java Platform API Specification"/>
    <property name="java.class.version" value="52.0"/>
    <property name="sun.management.compiler" value="HotSpot 64-Bit Tiered Compilers"/>
    <property name="os.version" value="10.0"/>
    <property name="library.jansi.path" value="C:\Program Files\maven\lib\jansi-native"/>
    <property name="user.home" value="C:\Users\migue"/>
    <property name="user.timezone" value="Europe/Paris"/>
    <property name="java.awt.printerjob" value="sun.awt.windows.WPrinterJob"/>
    <property name="java.specification.version" value="1.8"/>
    <property name="file.encoding" value="Cp1252"/>
    <property name="user.name" value="migue"/>
    <property name="java.class.path" value="C:\Program Files\maven\boot\plexus-classworlds-2.6.0.jar"/>
    <property name="java.vm.specification.version" value="1.8"/>
    <property name="sun.arch.data.model" value="64"/>
    <property name="java.home" value="C:\Program Files\Java\jre1.8.0_221"/>
    <property name="sun.java.command" value="org.codehaus.plexus.classworlds.launcher.Launcher site:site"/>
    <property name="java.specification.vendor" value="Oracle Corporation"/>
    <property name="user.language" value="es"/>
    <property name="awt.toolkit" value="sun.awt.windows.WToolkit"/>
    <property name="java.vm.info" value="mixed mode"/>
    <property name="java.version" value="1.8.0_221"/>
    <property name="java.ext.dirs" value="C:\Program Files\Java\jre1.8.0_221\lib\ext;C:\WINDOWS\Sun\Java\lib\ext"/>
    <property name="sun.boot.class.path" value="C:\Program Files\Java\jre1.8.0_221\lib\resources.jar;C:\Program Files\Java\jre1.8.0_221\lib\rt.jar;C:\Program Files\Java\jre1.8.0_221\lib\sunrsasign.jar;C:\Program Files\Java\jre1.8.0_221\lib\jsse.jar;C:\Program Files\Java\jre1.8.0_221\lib\jce.jar;C:\Program Files\Java\jre1.8.0_221\lib\charsets.jar;C:\Program Files\Java\jre1.8.0_221\lib\jfr.jar;C:\Program Files\Java\jre1.8.0_221\classes"/>
    <property name="sun.stderr.encoding" value="cp850"/>
    <property name="java.vendor" value="Oracle Corporation"/>
    <property name="maven.home" value="C:\Program Files\maven"/>
    <property name="file.separator" value="\"/>
    <property name="java.vendor.url.bug" value="http://bugreport.sun.com/bugreport/"/>
    <property name="sun.cpu.endian" value="little"/>
    <property name="sun.io.unicode.encoding" value="UnicodeLittle"/>
    <property name="sun.stdout.encoding" value="cp850"/>
    <property name="sun.desktop" value="windows"/>
    <property name="sun.cpu.isalist" value="amd64"/>
  </properties>
  <testcase classname="ISO2_2021.Testing_P3.MC_DCTest" name="testing[0]" time="0.002"/>
  <testcase classname="ISO2_2021.Testing_P3.MC_DCTest" name="testing[1]" time="0.002"/>
  <testcase classname="ISO2_2021.Testing_P3.MC_DCTest" name="testing[2]" time="0.001"/>
  <testcase classname="ISO2_2021.Testing_P3.MC_DCTest" name="testing[3]" time="0.001"/>
  <testcase classname="ISO2_2021.Testing_P3.MC_DCTest" name="testing[4]" time="0.002"/>
  <testcase classname="ISO2_2021.Testing_P3.MC_DCTest" name="testing[5]" time="0.001"/>
  <testcase classname="ISO2_2021.Testing_P3.MC_DCTest" name="testing[6]" time="0.001"/>
  <testcase classname="ISO2_2021.Testing_P3.MC_DCTest" name="testing[7]" time="0.005"/>
  <testcase classname="ISO2_2021.Testing_P3.MC_DCTest" name="testing[8]" time="0.003"/>
  <testcase classname="ISO2_2021.Testing_P3.MC_DCTest" name="testing[9]" time="0.002"/>
  <testcase classname="ISO2_2021.Testing_P3.MC_DCTest" name="testing[10]" time="0.001"/>
  <testcase classname="ISO2_2021.Testing_P3.MC_DCTest" name="testing[11]" time="0.002"/>
  <testcase classname="ISO2_2021.Testing_P3.MC_DCTest" name="testing[12]" time="0.001"/>
  <testcase classname="ISO2_2021.Testing_P3.MC_DCTest" name="testing[13]" time="0.001"/>
  <testcase classname="ISO2_2021.Testing_P3.MC_DCTest" name="testing[14]" time="0.001"/>
  <testcase classname="ISO2_2021.Testing_P3.MC_DCTest" name="testing[15]" time="0.003"/>
  <testcase classname="ISO2_2021.Testing_P3.MC_DCTest" name="testing[16]" time="0.004"/>
  <testcase classname="ISO2_2021.Testing_P3.MC_DCTest" name="testing[17]" time="0.001"/>
  <testcase classname="ISO2_2021.Testing_P3.MC_DCTest" name="testing[18]" time="0.001"/>
  <testcase classname="ISO2_2021.Testing_P3.MC_DCTest" name="testing[19]" time="0.001"/>
  <testcase classname="ISO2_2021.Testing_P3.MC_DCTest" name="testing[20]" time="0.001"/>
</testsuite>